Arguments: 
  C:\Program Files\nodejs\node.exe C:\Users\arora\AppData\Roaming\npm\node_modules\yarn\bin\yarn.js

PATH: 
  C:\windows\system32;C:\windows;C:\windows\System32\Wbem;C:\windows\System32\WindowsPowerShell\v1.0\;C:\windows\System32\OpenSSH\;C:\Program Files (x86)\NVIDIA Corporation\PhysX\Common;C:\Program Files\NVIDIA Corporation\NVIDIA NvDLISR;C:\Program Files\Git\cmd;C:\WINDOWS\system32;C:\WINDOWS;C:\WINDOWS\System32\Wbem;C:\WINDOWS\System32\WindowsPowerShell\v1.0\;C:\WINDOWS\System32\OpenSSH\;C:\Program Files\nodejs\;C:\Program Files (x86)\Go\bin;C:\Program Files\Go\bin;C:\Program Files\MySQL\MySQL Shell 8.0\bin\;C:\Users\arora\AppData\Local\Microsoft\WindowsApps;C:\Users\arora\AppData\Local\Programs\Microsoft VS Code\bin;C:\Users\arora\AppData\Roaming\npm;C:\Users\arora\go\bin;C:\Users\arora\AppData\Local\Programs\Hyper\resources\bin;C:\MinGW\bin;

Yarn version: 
  1.22.19

Node version: 
  16.17.0

Platform: 
  win32 x64

Trace: 
  Error: connect ETIMEDOUT 49.44.79.236:443
      at TCPConnectWrap.afterConnect [as oncomplete] (node:net:1247:16)

npm manifest: 
  {
    "name": "fantomalert",
    "license": "UNLICENSED",
    "scripts": {
      "codegen": "graph codegen",
      "build": "graph build",
      "deploy": "graph deploy --node https://api.thegraph.com/deploy/ vaibhavarora19/fantomalert",
      "create-local": "graph create --node http://localhost:8020/ vaibhavarora19/fantomalert",
      "remove-local": "graph remove --node http://localhost:8020/ vaibhavarora19/fantomalert",
      "deploy-local": "graph deploy --node http://localhost:8020/ --ipfs http://localhost:5001 vaibhavarora19/fantomalert",
      "test": "graph test"
    },
    "dependencies": {
      "@graphprotocol/graph-cli": "0.38.0",
      "@graphprotocol/graph-ts": "0.29.1"
    },
    "devDependencies": { "matchstick-as": "0.5.0" }
  }

yarn manifest: 
  No manifest

Lockfile: 
  No lockfile
